 1141  kp build list
 1142  kp build logs clarity-template
 1143  tanzu apps workload delete -f ../tanzu/kpack/demo-workload-1.yaml 
 1144  tanzu apps workload apply -f ../tanzu/kpack/demo-workload-1.yaml 
 1145  kp build logs clarity-template
 1146  kubectl get pods
 1147  kubectl port-forward clarity-template-00001-deployment-5f8b4c85cb-gmkr7 8080
 1148  kubectl logs clarity-template-00001-deployment-5f8b4c85cb-gmkr7 
 1149  kubectl logs clarity-template-00001-deployment-5f8b4c85cb-gmkr7 workload 
 1150  ng build
 1151  kp build logs clarity-template
 1152  kubectl get pods
 1153  kubectl port-forward clarity-template-00002-deployment-664cc84dc6-lw2zz 8080
 1154  kubectl logs clarity-template-00002-deployment-664cc84dc6-lw2zz workload
 1155  kubectl get httpproxies.projectcontour.io 
 1156  kubectl get svc
 1157  kubectl port-forward svc/clarity-template-00001 8080:80
 1158  kubectl get pods
 1159  kubectl describe pod clarity-template-00002-deployment-664cc84dc6-lw2zz 
 1160  kubectl get svc
 1161  kubectl edit svc clarity-template-00001
 1162  kubectl port-forward svc/clarity-template-00001 8080:80
 1163  kubectl edit svc clarity-template-00001
 1164  kubectl edit svc clarity-template-00002
 1165  kubectl port-forward svc/clarity-template-00002 8080:80
 1166  kubectl edit svc clarity-template-00002
 1167  kubectl get pods
 1168  kubectl port-forward clarity-template-00002-deployment-664cc84dc6-lw2zz 8080
 1169  docker ps
 1170  docker image
 1171  docker images
 1172  docker rmi -f $(docker images -a -q)
 1173  docker system prune
 1174  pack build clarity-template --buildpack paketo-buildpacks/nodejs   --builder paketobuildpacks/builder:base
 1175  npm upgrade
 1176  curl -O- https://nodejs.org/dist/v16.14.2/node-v16.14.2-linux-x64.tar.gz
 1177  curl  https://nodejs.org/dist/v16.14.2/node-v16.14.2-linux-x64.tar.gz
 1178  curl -o https://nodejs.org/dist/v16.14.2/node-v16.14.2-linux-x64.tar.gz
 1179  curl -o- https://nodejs.org/dist/v16.14.2/node-v16.14.2-linux-x64.tar.gz
 1180  curl https://nodejs.org/dist/v16.14.2/node-v16.14.2-linux-x64.tar.gz -o
 1181  curl https://nodejs.org/dist/v16.14.2/node-v16.14.2-linux-x64.tar.gz -o node-v16.14.2-linux-x64.tar.gz
 1182  ls
 1183  which node
 1184  tar xvf node-v16.14.2-linux-x64.tar.gz 
 1185  ls
 1186  cd node
 1187  cd node-v16.14.2-linux-x64/
 1188  ls
 1189  cd bin
 1190  ls
 1191  ls -la /usr/bin/node
 1192  cd ..
 1193  ls
 1194  less README.md 
 1195  ls
 1196  cd lib
 1197  ls
 1198  cd node_modules/
 1199  ls
 1200  sudo find / -name node_modules
 1201  ls
 1202  cd npm
 1203  ls
 1204  cd ..
 1205  sudo su
 1206  cd ..
 1207  ls
 1208  sudo tar -xJvf node-v16.14.2-linux-x64.tar.gz -C /usr/local/lib/nodejs 
 1209  sudo tar xvf node-v16.14.2-linux-x64.tar.gz -C /usr/local/lib/nodejs 
 1210  sudo mkdir -p /usr/local/lib/nodejs
 1211  sudo tar xvf node-v16.14.2-linux-x64.tar.gz -C /usr/local/lib/nodejs 
 1212  sudo su
 1213  vi  ~/.profile 
 1214  . ~/.profile
 1215  node -v
 1216  npm update
 1217  npm audit fix
 1218  npm audit fix --force
 1219  npm install
 1220  npm upgrade 
 1221  npm install
 1222  npm audit fix
 1223  npm install
 1224  npm update
 1225  npm install
 1226  npm update
 1227  npm update -g
 1228  sudo npm update -g
 1229  npm update
 1230  kp build logs clarity-template
 1231  kubectl get pods
 1232  kubectl logs clarity-template-00003-deployment-566cd45987-s77nv workload 
 1233  kubectl logs clarity-template-00003-deployment-566cd45987-s77nv workload -f
 1234  kubectl get pods
 1235  kubectl logs clarity-template-00004-deployment-7667cf474b-vrvzc workload 
 1236  kubectl logs clarity-template-00004-deployment-7667cf474b-vrvzc workload -f
 1237  kubectl get pods
 1238  kubectl get svc
 1239  kubens default
 1240  kubectl get svc
 1241  kubectl port-forward svc/clarity-sample-service 8080:80
 1242  tanzu apps workload delete -f ../tanzu/kpack/demo-workload-1.yaml 
 1243  tanzu apps workload delete -f ../tanzu/kpack/demo-workload-2.yaml 
 1244  tanzu apps workload delete -f ../tanzu/kpack/workload.yaml 
 1245  tanzu apps workload delete -f ../tanzu/kpack/workload1.yaml 
 1246  tanzu apps workload delete -f ../tanzu/kpack/workload-1.yaml 
 1247  tanzu apps workload delete -f ../tanzu/kpack/workload2.yaml 
 1248  tanzu apps workload delete -f ../tanzu/kpack/workload3.yaml 
 1249  kp build list
 1250  kubectl get images.
 1251  kubectl get images.kpack.io 
 1252  kubectl delete images.kpack.io clarity-sample-image 
 1253  kubectl get builder
 1254  kubectl get clustersupplychain
 1255  kubectl get clustersupplychain supply-chain -o wide
 1256  kubectl get clustersupplychain supply-chain -o yaml
 1257  kubectl get build
 1258  ls
 1259  kubens default
 1260  kubectl apply -f ../tanzu/kpack/app-deployment.yaml 
 1261  kubectl get pods
 1262  kubectl port-forward svc/clarity-sample-service 8080
 1263  kubectl get httpproxies.projectcontour.io 
 1264  kubectl get secret
 1265  kubectl get httpproxies.projectcontour.io 
 1266  kubectl describe httpproxies.projectcontour.io clarity-sample-httpproxy 
 1267  kubectl apply -f ../tanzu/kpack/app-deployment.yaml 
 1268  kubectl get httpproxies.projectcontour.io 
 1269  kubectl port-forward svc/clarity-sample-service 8080
 1270  kubectl apply -f ../tanzu/kpack/app-deployment.yaml 
 1271  kubectl get svc
 1272  kubectl apply -f ../tanzu/kpack/app-deployment.yaml 
 1273  kubectl get svc
 1274  kubectl apply -f ../tanzu/kpack/app-deployment.yaml 
 1275  kubectl get svc
 1276  kubectl apply -f ../tanzu/kpack/app-deployment.yaml 
 1277  kubectl get httpproxies.projectcontour.io 
 1278  kubectl describe httpproxies.projectcontour.io clarity-sample-httpproxy 
 1279  kubectl get httpproxies.projectcontour.io 
 1280  kubectl describe httpproxies.projectcontour.io clarity-sample-httpproxy 
 1281  kubectl apply -f ../tanzu/kpack/app-deployment.yaml 
 1282  kubectl delete -f ../tanzu/kpack/app-deployment.yaml 
 1283  kubectl apply -f ../tanzu/kpack/app-deployment.yaml 
 1284  kubectl get httpproxies.projectcontour.io 
 1285  kubectl describe httpproxies.projectcontour.io clarity-sample-httpproxy 
 1286  kubectl apply -f ../tanzu/kpack/app-deployment.yaml 
 1287  kubectl describe httpproxies.projectcontour.io clarity-sample-httpproxy 
 1288  kubectl delete -f ../tanzu/kpack/app-deployment.yaml 
 1289  kubectl apply -f ../tanzu/kpack/app-deployment.yaml 
 1290  kubectl get httpproxies.projectcontour.io 
 1291  kubens projectcontour
 1292  kubectl get pods
 1293  kubectl logs contour-6447c9ff77-7b9g4 
 1294  kubectl logs envoy-gkqt8 
 1295  kubectl logs envoy-gkqt8 envoy
 1296  kubectl logs envoy-gkqt8 envoy | grep error
 1297  kubectl logs envoy-m2qpq envoy | grep error
 1298  kubectl logs envoy-njj2h envoy | grep error
 1299  kubectl logs envoy-njj2h envoy 
 1300  kubectl get svc
 1301  kubectl get svc envoy -o yaml
 1302  kubectl port-forward pods/clarity-sample-controller-66687498f4-4lw2x 8080:8080 -n default
 1303  tanzu apps workload create -f ../tanzu/kpack/demo-workload-1.yaml 
 1304  kp build list
 1305  kp build logs clarity-template
 1306  tanzu apps workload delete -f ../tanzu/kpack/demo-workload-1.yaml 
 1307  tanzu apps workload create -f ../tanzu/kpack/demo-workload-1.yaml 
 1308  kp build logs clarity-template
 1309  kp build list
 1310  kubectl apply -f ../tanzu/kpack/app-deployment.yaml 
 1311  kubectl get pods
 1312  kubectl port-forward pods/clarity-sample-controller-79cdcc5fd8-6tdnf 8080:8080 -n default
 1313  kubectl get pod  -o wide
 1314  kubectl edit daemonsets.apps envoy 
 1315  kubectl get pods
 1316  watch kubectl get pods
 1317  kubens default
 1318  kubectl get httpproxies.projectcontour.io 
 1319  kubectl describe httpproxies.projectcontour.io clarity-sample-httpproxy 
 1320  kubectl apply -f ../tanzu/kpack/app-deployment.yaml 
 1321  kubectl get pods -n projectcontour
 1322  kubens projectcontour
 1323  kubectl logs envoy-qwgp5 
 1324  kubectl logs envoy-qwgp5 envoy
 1325  kubectl get pods -n projectcontour
 1326  kubectl logs envoy-vwfj9 envoy
 1327  kubectl get pods -n projectcontour
 1328  kubectl logs envoy-xrz2j envoy
 1329  kubectl logs envoy-qwgp5 envoy
 1330  kubectl logs envoy-xrz2j envoy
 1331  kubectl logs envoy-vwfj9 envoy
 1332  kubectl logs envoy-xrz2j envoy
 1333  kubectl logs envoy-vwfj9 envoy
 1334  kp build list
 1335  kp build logs clarity-template
 1336  kp build restart clarity-template
 1337  tanzu apps workload delete -f ../tanzu/kpack/demo-workload-1.yaml 
 1338  tanzu apps workload apply -f ../tanzu/kpack/demo-workload-1.yaml 
 1339  kp build logs clarity-template
 1340  kubectl get pods
 1341  kubectl get httpproxies.projectcontour.io 
 1342  kubectl get build
 1343  kubectl apply -f ../tanzu/kpack/app-deployment.yaml 
 1344  kubectl get pods
 1345  kubectl port-forward pods/clarity-sample-controller-79cdcc5fd8-6tdnf 8080:8080 -n default
 1346  kubectl get certificates
 1347  kubectl get httpproxies.projectcontour.io 
 1348  kubectl describe httpproxies.projectcontour.io clarity-sample-httpproxy 
 1349  kubectl get svc
 1350  kubectl describe svc clarity-sample-service 
 1351  kubectl get build
 1352  ENVOY_POD=$(kubectl -n projectcontour get pod -l app=envoy -o name | head -1)
 1353  kubectl -n projectcontour port-forward $ENVOY_POD 9001
 1354  ng serve
 1355  kubectl get build
 1356  kp build logs clarity-template
 1357  kubectl get pods
 1358  kubectl port-forward clarity-template-00003-deployment-7dc474d7f6-5vwnr 8080
 1359  kp build logs clarity-template
 1360  kubectl get build
 1361  kubectl apply -f ../tanzu/kpack/app-deployment.yaml 
 1362  kp build logs clarity-template
 1363  kubectl get build
 1364  kubectl apply -f ../tanzu/kpack/app-deployment.yaml 
 1365  kubectl get pods
 1366  kubectl get workload
 1367  kubectl get workload clarity-template -o yaml
 1368  kubectl delete -f ../tanzu/kpack/app-deployment.yaml 
 1369  kubectl apply -f ../tanzu/kpack/kpack-templates.yaml 
 1370  kubectl apply -f ../tanzu/kpack/supplychain2.yaml 
 1371  tanzu apps workload list
 1372  tanzu apps workload delete clarity-temmplate
 1373  tanzu apps workload delete clarity-template
 1374  tanzu apps workload create -f ../tanzu/kpack//demo-workload-1.yaml 
 1375  kp build list
 1376  kp build logs clarity-template
 1377  tanzu apps workload delete -f ../tanzu/kpack//demo-workload-1.yaml 
 1378  tanzu apps workload create -f ../tanzu/kpack//demo-workload-1.yaml 
 1379  kp build list
 1380  kp build logs clarity-template
 1381  kubectl get pods
 1382  kubectl get httpproxies.projectcontour.io 
 1383  npm install
 1384  npm update
 1385  npm upgrade
 1386  which npm
 1387  npm -v
 1388  npm update
 1389  npm upgrade
 1390  npm run-script test
 1391  npm install
 1392  npm run-script test
 1393  npm update
 1394  ng serve --help
 1395  kubectl apply -f ../tanzu/kpack/app-deployment.yaml 
 1396  kp build logs clarity-template
 1397  kubectl get httpproxies.projectcontour.io 
 1398  kubens grafana
 1399  kubectl get svc
 1400  kubectl get httpproxies.projectcontour.io 
 1401  kubectl get httpproxies.projectcontour.io grafana-httpproxy -o yaml
 1402  kubectl get svc
 1403  kubectl get svc grafana -o yaml
 1404  kubens default
 1405  kubectl get httpproxies.projectcontour.io 
 1406  tanzu apps workload list
 1407  kubectl apps workload status clarity-template
 1408  tanzu apps workload status clarity-template
 1409  tanzu apps workload get clarity-template
 1410  kubectl get pods
 1411  kubectl get httpproxies.projectcontour.io 
 1412  kubectl get secret
 1413  watch kp build list
 1414  kp build logs clarity-template
 1415  watch kubectl get pods
 1416  kubectl get build -o wide
 1417  kp build logs clarity-template
 1418  watch kubectl get pods
 1419  watch kp build list
 1420  kp build logs clarity-template
 1421  ls
 1422  TEKTON_VERSION=0.34.1
 1423  kubectl apply -f https://storage.googleapis.com/tekton-releases/pipeline/previous/v$TEKTON_VERSION/release.yaml
 1424  kubectl get pods
 1425  kubens tekton
 1426  kubens
 1427  kubect get pods
 1428  kubectl get pods
 1429  tanzu create cluster -f cluster-config/tph-test.yaml --dry-run
 1430  tanzu cluster create -f cluster-config/tph-test.yaml --dry-run
 1431  tanzu cluster create tph-test -f cluster-config/tph-test.yaml --dry-run
 1432  tanzu cluster create tph-test -f cluster-config/tph-test.yaml --dry-run | tee cluster-config/tph-test-deploy.yaml
 1433  kubectl apply -f cluster-config/tph-test-deploy.yaml 
 1434  kubectl get cluster
 1435  kubectl get cluster -A
 1436  kubectl describe cluster tph-test -n default
 1437  kubectl describe vspheremachinetemplate.infrastructure.cluster.x-k8s.io/tph-test-control-plane -n default
 1438  kubectl cluster list
 1439  tanzu cluster list
 1440  argocd
 1441  argocd cluster
 1442  kubens argocd
 1443  argocd cluster
 1444  argocd cluster list
 1445  argocd cluster add
 1446  argocd cluster list
 1447  tanzu cluster list
 1448  tanzu 
 1449  tanzu cluster kubeconfig get tph-test
 1450  tanzu cluster kubeconfig get tph-test --admin
 1451  tanzu mc get
 1452  tanzu mc 
 1453  tanzu mc kubeconfig 
 1454  tanzu mc kubeconfig get
 1455  tanzu mc kubeconfig get --admin
 1456  kubectx
 1457  kubectl get pods
 1458  kubectx
 1459  kubens 
 1460  kubectl get deployments.apps 
 1461  kubectl rollout restart deployment pinniped-concierge
 1462  kubectl rollout restart deployment pinniped-concierge-kube-cert-agent 
 1463  kubectl get pods
 1464  watch kubectl get pods
 1465  kubens
 1466  kubectl get deployments.apps 
 1467  kubectl rollout restart deployment pinniped-supervisor 
 1468  kubectx
 1469  kubectl get pods
 1470  kubectl get svc
 1471  kubectx
 1472  ping 192.168.0.4
 1473  kubens dex
 1474  kubectx
 1475  kubens
 1476  kubectl get pods
 1477  kubectl describe pod dex-7dddbfc689-pz489 
 1478  kubectl rollout restart deployment dex 
 1479  kubectl get pods
 1480  kubectl describe pods dex-f994df9d7-wlf77 
 1481  kubectl get pods
 1482  kubectl logs dex-f994df9d7-wlf77 
 1483  kubectl get cm
 1484  kubectl edit cm dex
 1485  kubectl rollout restart deployment dex 
 1486  kubectl get pods
 1487  kubectx
 1488  kubectl get pods
 1489  tanzu mc kubeconfig get
 1490  tanz mc login
 1491  tanzu mc login
 1492  tanzu login
 1493  tanzu mc kubeconfig get
 1494  kubens
 1495  kubectx
 1496  history > createcluster.log
 1497  kubectl get pods -A
 1498  kubens pinniped-supervisor
 1499  kubectl get jobs
 1500  kubectl rollout restart job pinniped-post-deploy-job 
 1501  kubectl rollout start job pinniped-post-deploy-job 
 1502  kubectl rollout
 1503  kubectl rollout resume job pinniped-post-deploy-job 
 1504  kubectl get cronjobs.batch 
 1505  kubectl edit jobs.batch pinniped-post-deploy-job 
 1506  kubectl get pods 
 1507  kubectl delete job pinniped-post-deploy-job--1-xg48j
 1508  kubectl get pods 
 1509  kubectl delete pod pinniped-post-deploy-job--1-5g7kc
 1510  kubectl delete pod pinniped-post-deploy-job--1-65775 
 1511  kubectl delete pod pinniped-post-deploy-job--1-747bf 
 1512  kubectl delete pod pinniped-post-deploy-job--1-l9h9m 
 1513  kubectl get pods
 1514  kubectl delete pod pinniped-post-deploy-job--1-xg48j 
 1515  kubectl rollout restart deployment pinniped-supervisor 
 1516  kubens
 1517  kubectl get pods
 1518  kubectx
 1519  kubectl get ppods
 1520  kubectx
 1521  tanzu mc kubeconfig get
 1522  kubectx
 1523  kubectl get pods
 1524  tanzu cluster kubeconfig get tph-test
 1525  tanzu cluster delete tph-test
 1526  kubectx
 1527  kubectl apply -f cluster-config/tph-test-deploy.yaml 
 1528  tanzu cluster list
 1529  kubectl cluster kubeconfig get tph-test
 1530  tanzu cluster kubeconfig get tph-test
 1531  tanzu cluster kubeconfig get tph-test --admin
 1532  kubectx
 1533  kubens
 1534  kubectl get pods
 1535  kubectl get pods -A
 1536  tanzu cluster delete tph-text
 1537  tanzu cluster delete tph-test
 1538  tanzu cluster create tph-test -f cluster-config/tph-test.yaml --dry-run | tee cluster-config/tph-test-deploy.yaml
 1539  kubectl apply -f cluster-config/tph-test-deploy.yaml 
 1540  tanzu cluster get tph-test
 1541  tanzu cluster kubeconfig get tph-test
 1542  tanzu cluster list
 1543   cluster-config/tph-test-deploy.yaml
 1544  tanzu cluster create tph-test -n tph-test -f cluster-config/tph-test.yaml --dry-run | tee cluster-config/tph-test-deploy.yaml
 1545  tanzu cluster create tph-test -n tph-test -f cluster-config/tph-test.yaml 
 1546  kubectx
 1547  kubectl create ns tph-text
 1548  kubectl create ns tph-test
 1549  tanzu cluster create tph-test -n tph-test -f cluster-config/tph-test.yaml 
 1550  tanzu cluster kubeconfig get tph-test
 1551  tanzu cluster kubeconfig get tph-test -n tph-test
 1552  tanzu cluster kubeconfig get tph-test -n tph-test --admin
 1553  kubectx
 1554  kubectl get pods
 1555  kubectx
 1556  kubectl apply -f auth/auth.yml 
 1557  kubectx
 1558  kubectl get nodes
 1559  kubens
 1560  kubectl get pods -A
 1561  kubectl apply -f metallb/
 1562  kubectx
 1563  kubectl delete -f metallb/
 1564  kubectl create namespace metallb
 1565  kubens metallb
 1566  kubectl apply -f metallb/
 1567  kubectl delete -f metallb/
 1568  kubectl apply -f metallb/
 1569  kubectl apply -k metallb/
 1570  tanzu package repository add tce-repo --url projects.registry.vmware.com/tce/main:0.11.0 --namespace tanzu-package-repo-global
 1571  kubectx
 1572  kubens
 1573  kubectl edit cm config-certmanager 
 1574  kubectl get all
 1575  kubectl kubectl rollout restart deployment.apps/controller
 1576  kubectl rollout restart deployment.apps/controller
 1577  kubectl rollout restart deployment activator 
 1578  kubectl rollout restart deployment domainmapping-webhook 
 1579  kubectl rollout restart deployment net-certmanager-webhook 
 1580  kubectl rollout restart deployment webhook
 1581  kubectl rollout restart deployment autoscaler 
 1582  kubectl rollout restart deployment domain-mapping 
 1583  kubectl rollout restart deployment net-certmanager-controller 
 1584  kubectl rollout restart deployment net-contour-controller 
 1585  kubectl get pods
 1586  tanzu package install app-toolkit --package-name app-toolkit.community.tanzu.vmware.com --version 0.1.0 -f app-toolkit/values.yaml -n tanzu-package-repo-global
 1587  tanzu package installed list
 1588  kubectx
 1589  tanzu package delete app-toolkit
 1590  tanzu package remove app-toolkit
 1591  tanzu package 
 1592  tanzu package installed
 1593  tanzu package installed delete app-toolkit
 1594  tanzu package installed delete app-toolkit -n tanzu-package-repo-global
 1595  tanzu package installed list
 1596  kubectx
 1597  kubectl get pods -A
 1598  tanzu package repository add tce-repo --url projects.registry.vmware.com/tce/main:0.11.0 --namespace tanzu-package-repo-global
 1599  tanzu package install app-toolkit --package-name app-toolkit.community.tanzu.vmware.com --version 0.1.0 -f app-toolkit/values.yaml -n tanzu-package-repo-global
 1600  kubectl describe packageinstall/contour -n tanzu-package-repo-global
 1601  tanzu package installed list
 1602  tanzu package install cert-manager --package-name cert-manager.community.tanzu.vmware.com --version 1.6.1
 1603  tanzu package installed list
 1604  tanzu package installed delete cert-manager
 1605  tanzu package installed delete app-toolkit
 1606  tanzu package installed delete app-toolkit -n tanzu-package-repo-global
 1607  kubectx
 1608  tanzu cluster delete tph-test
 1609  tanzu cluster delete tph-test -n tph-text
 1610  tanzu cluster delete tph-test -n tph-test
 1611  tanzu create cluster -f cluster-config/tph-test.yaml --dry-run | tee cluster-config/tph-test-deploy.yaml 
 1612  tanzu cluster create -f cluster-config/tph-test.yaml --dry-run | tee cluster-config/tph-test-deploy.yaml 
 1613  tanzu cluster create tph-test -f cluster-config/tph-test.yaml --dry-run | tee cluster-config/tph-test-deploy.yaml 
 1614  tanzu cluster create tph-test -f cluster-config/tph-test.yaml -n tph-test
 1615  tanzu cluster kubeconfig get tph-test
 1616  tanzu cluster kubeconfig get tph-test -n tph-test
 1617  kubectx
 1618  kubectl get nodes
 1619  kubectx
 1620  tanzu cluster kubeconfig get tph-test -n tph-text --admin
 1621  tanzu cluster kubeconfig get tph-test -n tph-test --admin
 1622  kubectx
 1623  kubectl apply -f auth/auth.yml 
 1624  kubectx
 1625  kubectl get pods
 1626  kubens
 1627  kubectx
 1628  kubectl apply -k metallb/
 1629  kubectl get pods -A
 1630  tanzu package repository add tce-repo --url projects.registry.vmware.com/tce/main:0.11.0 --namespace tanzu-package-repo-global
 1631  tanzu package install cert-manager --package-name cert-manager.community.tanzu.vmware.com --version 1.6.1 --namespace tanzu-package-repo-global
 1632  tanzu package installed list
 1633  tanzu package installed list --all-namespaces
 1634  kubens
 1635  kubens cert-manager
 1636  kubectl create secret tls niceneasy-ca --cert=/home/daniele/CA/ca.niceneasy.ch.crt --key=/home/daniele/CA/ca.niceneasy.ch.key
 1637  kubectl apply -f cert-manager/cluster-issuer.yaml 
 1638  tanzu package install app-toolkit --package-name app-toolkit.community.tanzu.vmware.com --version 0.1.0 -f app-toolkit/values.yaml -n tanzu-package-repo-global
 1639  tanzu package installed list --all-namespaces
 1640  tanzu package install cert-injection-webhook --package-name cert-injection-webhook.community.tanzu.vmware.com --version 0.1.0 -f ./cert-injection-webhook/cert-injection-webhook-config-values.yaml
 1641  kubectl apply -f kpack/rbac.yaml 
 1642  kubectl apply -f kpack/kpack-templates.yaml 
 1643  kubectl apply -f kpack/supplychain.yaml 
 1644  kubectl apply -f kpack/supplychain2.yaml 
 1645  kubectl apply -f kpack/builder.yaml 
 1646  kubectl get builder
 1647  kubectl get builder -A
 1648  kubens default
 1649  kubectl get builder
 1650  kubectl describe builder builder
 1651  kubectl apply -f kpack/kpack-templates.yaml 
 1652  kubectl describe builder builder
 1653  kubectl get secret
 1654  kubectl delete -f kpack/builder.yaml 
 1655  kubectl apply -f kpack/builder.yaml 
 1656  kubectl get builder
 1657  kubectl describe builder builder
 1658  kubectl get nodes -o wide
 1659  ssh capv@192.168.0.80
 1660  kubectl get nodes -o wide
 1661  kubectl describe builder builder
 1662  kubectl get builder
 1663  kubectl delete -f kpack/builder.yaml 
 1664  ssh capv@192.168.0.80
 1665  kubectl get nodes -o wide
 1666  ssh capv@192.168.0.81
 1667  ssh capv@192.168.0.82
 1668  ssh capv@192.168.0.83
 1669  kubectl delete -f kpack/builder.yaml 
 1670  kubectl apply -f kpack/builder.yaml 
 1671  kubectl get builder
 1672  kubectl describe builder builder
 1673  kubectl get pods
 1674  kubectl get pods -A
 1675  kubectx
 1676  kubens
 1677  kubectl get cm
 1678  kubectl edit cm ca-cert 
 1679  kubectl get cm ca-cert -o jsonpath='{.data.ca\.cert}'
 1680  kubectl get cm ca-cert -o yaml
 1681  kubectl get cm ca-cert -o jsonpath='{.data.ca\.crt}'
 1682  kubectl get cm ca-cert -o jsonpath='{.data.ca\.crt}' | base64 -d
 1683  kubens kpack
 1684  ls
 1685  kubectl rollout restart deployment kpack-controller 
 1686  kubectl rollout restart deployment kpack-webhook 
 1687  kubectl get pods
 1688  kubectl apply -f kpack/builder.yaml 
 1689  kubectl delete -f kpack/builder.yaml 
 1690  kubectl apply -f kpack/builder.yaml 
 1691  kubectl get builder
 1692  kubectl get builder -A
 1693  kubectl get pods
 1694  kubectl logs kpack-controller-5d5974f69-k5nl6 
 1695  kubens
 1696  kubectl get cm
 1697  kubectl get cm build-init-image -o yaml
 1698  kubectl get pods
 1699  tanzu package update kpack --package-name kpack.community.tanzu.vmware.com --version 0.5.1 -f ./kpack/kpack-values.yaml -n tanzu-package-repo-global
 1700  tanzu package installed update kpack --package-name kpack.community.tanzu.vmware.com --version 0.5.1 -f ./kpack/kpack-values.yaml -n tanzu-package-repo-global
 1701  kubectl delete -f kpack/builder.yaml 
 1702  kubectl apply -f kpack/builder.yaml 
 1703  kubectl get builder -A
 1704  tanzu apps workload create -f kpack/workload.yaml 
 1705  kp build list
 1706  tanzu apps workload list
 1707  tanzu apps workload get tanzu-simple-web-app
 1708  kubens kpack
 1709  kubectl apply -f kpack/rbac.yaml 
 1710  tanzu apps workload get tanzu-simple-web-app
 1711  tanzu apps workload delete -f kpack/workload.yaml 
 1712  tanzu apps workload create -f kpack/workload.yaml 
 1713  tanzu apps workload list
 1714  kubectl apply -f kpack/rbac.yaml 
 1715  kubens default
 1716  kubectl apply -f kpack/rbac.yaml 
 1717  kubens
 1718  kubectl apply -f kpack/rbac.yaml 
 1719  kubectl get builder
 1720  kubectl get builder -A
 1721  tanzu apps workload delete -f kpack/workload.yaml 
 1722  tanzu apps workload list --all-namespaces
 1723  tanzu apps workload delete tanzu-simple-web-app -n kpack
 1724  kubens default
 1725  tanzu apps workload create -f kpack/workload.yaml 
 1726  kp build list
 1727  tanzu apps workload get tanzu-simple-web-app
 1728  kubectl describe image.kpack.io/tanzu-simple-web-app
 1729  kubectl get builder -A
 1730  kubectl describe builder builder
 1731  tanzu apps workload delete tanzu-simple-web-app
 1732  kubectl get builder
 1733  kubectl delete builder builder
 1734  kubectl apply -f kpack/builder.yaml 
 1735  kubectl get builder
 1736  kubectl describe builder builder
 1737  kubens kpack
 1738  kubectl rollout restart deployment kpack-controller 
 1739  kubectl rollout restart deployment kpack-webhook
 1740  kubectl get builder
 1741  kubectl apply -f kpack/builder.yaml 
 1742  kubectl get builder
 1743  kubectl get builder -n default
 1744  kubectl get secret
 1745  kubectl get cm
 1746  tanzu package installed update kpack --package-name kpack.community.tanzu.vmware.com --version 0.5.1 -f ./kpack/kpack-values.yaml -n tanzu-package-repo-global
 1747  kubectl get builder -n default
 1748  kubectl delete -f kpack/builder.yaml 
 1749  kubectl apply -f kpack/builder.yaml 
 1750  kubectl get builder
 1751  kubectl get builder -n default
 1752  tanzu apps workload list
 1753  tanzu apps workload list --all-namespaces
 1754  kubens default
 1755  kubectl get builder
 1756  tanzu apps workload delete tanzu-simple-web-app
 1757  tanzu apps workload create -f kpack/workload.yaml 
 1758  kp build list
 1759  kp build logs tanzu-simple-web-app
 1760  kubectl get httpproxies.projectcontour.io 
 1761  kubectl get httpproxies.projectcontour.io -A
 1762  tanzu apps workload get tanzu-simple-web-app
 1763  kubectl get pods -A
 1764  tanzu package installed update app-toolkit --package-name app-toolkit.community.tanzu.vmware.com --version 0.1.0 -f app-toolkit/values.yaml -n tanzu-package-repo-global
 1765  tanzu apps workload delete tanzu-simple-web-app
 1766  tanzu apps workload create -f kpack/workload.yaml 
 1767  kp build logs tanzu-simple-web-app
 1768  kubectl get builder
 1769  kubectl delete -f kpack/builder.yaml 
 1770  kubectl apply -f kpack/builder.yaml 
 1771  kubectl get builder
 1772  kubectl delete -f kpack/builder.yaml 
 1773  tanzu apps workload delete tanzu-simple-web-app
 1774  tanzu package installed update kpack --package-name kpack.community.tanzu.vmware.com --version 0.5.1 -f ./kpack/kpack-values.yaml -n tanzu-package-repo-global
 1775  kubectl apply -f kpack/builder.yaml 
 1776  kubectl get builder
 1777  tanzu package installed update knative-serving --package-name knative-serving.community.tanzu.vmware.com --version 1.0.0 --values-file knative-serving/knative-serving-values.yml  -n tanzu-package-repo-global
 1778  tanzu apps workload create -f kpack/workload.yaml 
 1779  kp build list
 1780  kp build logs tanzu-simple-web-app
 1781  kubectl get httpproxies.projectcontour.io 
 1782  kubectl get httpproxies.projectcontour.io -A
 1783  kubectl get pods
 1784  kp build logs tanzu-simple-web-app
 1785  kp build list
 1786  kp build logs tanzu-simple-web-app
 1787  watch kubectl get pods
 1788  tanzu apps workload delete -f kpack/workload.yaml 
 1789  tanzu apps workload apply -f kpack/workload.yaml 
 1790  kp build list
 1791  kp build list -A
 1792  kubens
 1793  kubectl get builder
 1794  kubectl delete -f kpack/builder.yaml 
 1795  kubectl apply -f kpack/builder.yaml 
 1796  kubectl get builder
 1797  kubectl delete -f kpack/builder.yaml 
 1798  tanzu package installed update kpack --package-name kpack.community.tanzu.vmware.com --version 0.5.1 -f ./kpack/kpack-values.yaml -n tanzu-package-repo-global
 1799  kubectl apply -f kpack/builder.yaml 
 1800  kubectl get builder
 1801  tanzu apps workload delete -f kpack/workload.yaml 
 1802  tanzu apps workload apply -f kpack/workload.yaml 
 1803  kp build list
 1804  kp build logs tanzu-simple-web-app
 1805  tanzu apps workload delete -f kpack/workload.yaml 
 1806  tanzu apps workload create -f kpack/workload.yaml 
 1807  kp build logs simple-web-app
 1808  kp build list
 1809  kubectl get builder
 1810  tanzu package installed update kpack --package-name kpack.community.tanzu.vmware.com --version 0.5.1 -f ./kpack/kpack-values.yaml -n tanzu-package-repo-global
 1811  kubectl get builder
 1812  kubectl delete -f kpack/builder.yaml 
 1813  kubectl apply -f kpack/builder.yaml 
 1814  kubectl get builder
 1815  tanzu apps workload create -f kpack/workload.yaml 
 1816  tanzu apps workload delete -f kpack/workload.yaml 
 1817  tanzu apps workload create -f kpack/workload.yaml 
 1818  kp build list
 1819  kp build logs simple-web-app
 1820  kubectl get httpproxies.projectcontour.io -A
 1821  kp build list
 1822  watch kp build list
 1823  tanzu apps workload delete -f kpack/workload.yaml 
 1824  kubectx
 1825  tanzu package installed update kpack --package-name kpack.community.tanzu.vmware.com --version 0.5.1 -f ./kpack/kpack-values.yaml -n tanzu-package-repo-global
 1826  tanzu package installed update kpack --package-name kpack.community.tanzu.vmware.com --version 0.5.1 -f ./kpack/kpack-values.yaml 
 1827  kubectl get httpproxies.projectcontour.io -A
 1828  kubens default
 1829  tanzu apps workload create -f kpack/workload.yaml 
 1830  kp build list
 1831  kp build logs simple-web-app
 1832  kubectl get httpproxies.projectcontour.io -A
 1833  tanzu package installed update knative-serving --package-name knative-serving.community.tanzu.vmware.com --version 1.0.0 --values-file knative-serving/knative-serving-values.yml
 1834  kubectl get httpproxies.projectcontour.io -A
 1835  tanzu apps workload delete -f kpack/workload.yaml 
 1836  tanzu apps workload create -f kpack/workload.yaml 
 1837  kp build logs simple-web-app
 1838  kubectl get httpproxies.projectcontour.io -A
 1839  kp build logs simple-web-app
 1840  kubectl get httpproxies.projectcontour.io -A
 1841  kubens 
 1842  kubectl get pods
 1843  kubectl get deployments.apps 
 1844  kubectl rollout restart deployment activator
 1845  kubectl rollout restart deployment autoscaler
 1846  kubectl rollout restart deployment controller
 1847  kubectl rollout restart deployment domain-mapping
 1848  kubectl rollout restart deployment domainmapping-webhook 
 1849  kubectl rollout restart deployment net-certmanager-controller 
 1850  kubectl rollout restart deployment net-certmanager-webhook 
 1851  kubectl rollout restart deployment net-contour-controller 
 1852  kubectl get httpproxies.projectcontour.io 
 1853  kubectl get httpproxies.projectcontour.io -A
 1854  tanzu apps workload delete -f kpack/workload.yaml 
 1855  tanzu apps workload delete -f kpack/workload.yaml -n default
 1856  kubectl get httpproxies.projectcontour.io -A
 1857  kubens default
 1858  kubectl get httpproxies.projectcontour.io
 1859  kubectl delete httpproxies.projectcontour.io simple-web-app-contour-4d2a48ed52fa9a29c1e3281e7eeb6ca8simple-w 
 1860  kubectl delete httpproxies.projectcontour.io simple-web-app-contour-simple-web-app.default
 1861  kubectl delete httpproxies.projectcontour.io simple-web-app-contour-simple-web-app.default.svc
 1862  kubectl delete httpproxies.projectcontour.io simple-web-app-contour-simple-web-app.default.svc.cluster.local
 1863  kubectl get httpproxies.projectcontour.io
 1864  kubectl get ksvc
 1865  kubectl delete ksvc simple-web-app 
 1866  kubectl get httpproxies.projectcontour.io
 1867  tanzu apps workload create -f kpack/workload.yaml -n default
 1868  kubens
 1869  kp build list
 1870  kp build logs simple-web-app
 1871  tanzu apps workload delete -f kpack/workload.yaml -n default
 1872  kp build list
 1873  kubectl apply -f kpack/builder.yaml 
 1874  kubectl get builder
 1875  tanzu apps workload create -f kpack/workload.yaml -n default
 1876  kp build list
 1877  kp build logs simple-web-app
 1878  tanzu apps workload delete -f kpack/workload.yaml -n default
 1879  kp build logs simple-web-app
 1880  tanzu apps workload create -f kpack/workload.yaml -n default
 1881  kp build logs simple-web-app
 1882  kubectl get httpproxies.projectcontour.io 
 1883  kubens knative-serving
 1884  kubectl get pods
 1885  kubectl get cm
 1886  kubectl edit cm config-certmanager 
 1887  kubectl get secret
 1888  kubectl get httpproxies.projectcontour.io 
 1889  kubectl get clusterissuer
 1890  kubens knative-serving
 1891  kubectl get certificates
 1892  kubectl apply -f knative-serving/knative-serving-certificate.yaml 
 1893  kubectl get pods -A
 1894  kubectl create ns cert-manager
 1895  tanzu package un cert-manager --package-name cert-manager.community.tanzu.vmware.com --version 1.6.1
 1896  kubens cert-manager
 1897  kubectl create secret tls niceneasy-ca --cert=/home/daniele/CA/ca.niceneasy.ch.crt --key=/home/daniele/CA/ca.niceneasy.ch.key
 1898  kubectl apply -f cert-manager/cluster-issuer.yaml 
 1899  kubectl apply -f knative-serving/knative-serving-certificate.yaml 
 1900  tanzu apps workload delete -f kpack/workload.yaml -n default
 1901  kubens default
 1902  tanzu apps workload create -f kpack/workload.yaml -n default
 1903  kp build list
 1904  kp build logs simple-web-app
 1905  kubectl get httpproxies.projectcontour.io 
 1906  watch kp build list
 1907  watch kp build simple-web-app
 1908  kp build logs simple-web-app
 1909  kubectl get pods
 1910  watch kubectl get pods
 1911  tanzu apps workload create -f kpack/demo-workload-1.yaml -n default
 1912  tanzu apps workload delete -f kpack/demo-workload-1.yaml -n default
 1913  tanzu apps workload create -f kpack/demo-workload-1.yaml -n default
 1914  kp build list
 1915  kp build logs clarity-template
 1916  tanzu apps workload delete -f kpack/demo-workload-1.yaml -n default
 1917  tanzu apps workload create -f kpack/demo-workload-1.yaml -n default
 1918  kp build list
 1919  kp build logs clarity-template
 1920  kubectl get httpproxies.projectcontour.io 
 1921  kubectl get httpproxies.projectcontour.io -A
 1922  kubectl get httpproxies.projectcontour.io 
 1923  tanzu apps workload delete -f kpack/demo-workload-1.yaml -n default
 1924  kubectl get httpproxies.projectcontour.io 
 1925  tanzu apps workload create -f kpack/demo-workload-1.yaml -n default
 1926  kubectl get httpproxies.projectcontour.io 
 1927  kp build list
 1928  kp build log clarity-template
 1929  kp builds log clarity-template
 1930  kp builds logs clarity-template
 1931  tanzu apps workload delete -f kpack/demo-workload-1.yaml -n default
 1932  tanzu apps workload apply -f kpack/demo-workload-1.yaml -n default
 1933  kp builds log clarity-template
 1934  kp builds logs clarity-template
 1935  kubectl get httpproxies.projectcontour.io 
 1936  tanzu apps workload delete -f kpack/demo-workload-1.yaml -n default
 1937  tanzu apps workload list --all-namespaces
 1938  tanzu apps workload delete simple-webapp
 1939  tanzu apps workload delete simple-webapp -n default
 1940  tanzu apps workload delete simple-web-app -n default
 1941  kubectl get ksvc
 1942  kubectl get ksvc -A
 1943  kubectl get build
 1944  kubectx
 1945  tanzu apps workload list
 1946  tanzu apps workload list --all-namespaces
 1947  kubectl get ksvc -A
 1948  kubectl get builder
 1949  tanzu package installed update kpack --package-name kpack.community.tanzu.vmware.com --version 0.5.1 -f ./kpack/kpack-values.yaml
 1950  tanzu package installed update kpack --package-name kpack.community.tanzu.vmware.com --version 0.5.1 -f ./kpack/kpack-values.yaml -n tanzu-package-repo-global
 1951  kubectl get builder
 1952  tanzu apps workload create -f kpack/workload.yaml 
 1953  kp build list
 1954  kp build logs simple-web-app
 1955  kubectl get pods
 1956  kubectl get httpproxies.projectcontour.io 
 1957  kubectl get builder
 1958  tanzu apps workload create -f kpack/demo-workload-1.yaml 
 1959  kp build list
 1960  kp build logs clarity-template
 1961  tanzu apps workload delete -f kpack/demo-workload-1.yaml 
 1962  tanzu apps workload create -f kpack/demo-workload-1.yaml 
 1963  kp build logs clarity-template
 1964  kubectl get httpproxies.projectcontour.io 
 1965  kubectl get pods
 1966  watch kubectl get pods
 1967  kubectl get clustersupplychains.carto.run 
 1968  kubectl get httpproxies.projectcontour.io 
 1969  watch kubectl get pods
 1970  tanzu apps workload delete -f kpack/demo-workload-1.yaml 
 1971  kubectl get pods -A
 1972  kubectl get svc -A
 1973  cd ..
 1974  kubectl apply -k metallb/
 1975  kubectl delete -k metallb/
 1976  kubectl apply -k metallb/
 1977  kubectl get svc -A
 1978  kubectl edit svc/projectcontour -n projectcontour
 1979  kubectl edit svc/contour -n projectcontour
 1980  kubectl get svc -A
 1981  kubectl edit svc/contour -n projectcontour
 1982  kubectl get svc -A
 1983  kubectl edit svc/envoy -n projectcontour
 1984  kubectl get svc -A
 1985  kubectl edit svc/envoy -n projectcontour
 1986  kubectl get pods -A
 1987  kubectl get pods 
 1988  kubectl describe pod simple-web-app-build-1-build-pod 
 1989  ssh capv@192.168.0.21
 1990  kubectl get nodes -o wide
 1991  ssh capv@192.168.0.52
 1992  ssh capv@192.168.0.57
 1993  kubectl get nodes -o wide
 1994  ssh capv@192.168.0.63
 1995  kubectl describe pod simple-web-app-build-1-build-pod 
 1996  ls
 1997  cd ..
 1998  ls
 1999  mkdir tools
 2000  cd app-toolkit/
 2001  ls
 2002  mv *.gz ../tools/
 2003  mv *.deb ../tools/
 2004  ls
 2005  mv distribution/ tools
 2006  mv discovery/ tools
 2007  cd tools
 2008  ls
 2009  mv linux/ ../../tools/
 2010  cd ..
 2011  ls
 2012  cd ..
 2013  ls
 2014  cd tools
 2015  ls
 2016  mv linux/ distribution/
 2017  cd ..
 2018  cd plex
 2019  sudo umount nfs
 2020  sudo mount -o nfsvers=4.1,hard kubuntu.ne.local:/exports
 2021  sudo mount -o nfsvers=4.1,hard kubuntu.ne.local:/exports nfs
 2022  cd nfs
 2023  ls
 2024  cd ..
 2025  kubectl apply -f nfs-volume.yaml 
 2026  kubectl get pv
 2027  kubectl describe pv mediaserver-pv 
 2028  ls
 2029  kubectl apply -f k8s-mediaserver.yml 
 2030  watch kubectl get pods
 2031  kubectl get pv
 2032  kubectl describe pv mediaserver-pv 
 2033  watch kubectl get pods
 2034  sudo apt remove nfs-server
 2035  sudo apt install nfs-kernel-server
 2036  sudo cat /proc/fs/nfsd/versions
 2037  kubectl get nodes -o wide
 2038  ssh capv@192.168.0.80
 2039  ssh capv@192.168.0.81
 2040  ssh capv@192.168.0.82
 2041  ssh capv@192.168.0.83
 2042  kubectl get pv
 2043  kubectl get pods
 2044  kubectl delete -f k8s-mediaserver.yml 
 2045  kubectl get pv
 2046  kubectl delete pv mediaserver-pv 
 2047  kubectl delete pv nfs-pv 
 2048  kubectl apply -f nfs-volume.yaml 
 2049  kubectl apply -f k8s-mediaserver.yml 
 2050  watch kubectl get pods
 2051  ls /exports
 2052  watch kubectl get pods
 2053  kubectl delete -f k8s-mediaserver.yml 
 2054  kubectl get pv
 2055  kubectl delete pv mediaserver-pv 
 2056  kubectl apply -f nfs-volume.yaml 
 2057  kubectl apply -f k8s-mediaserver.yml 
 2058  watch kubectl get pods
 2059  kubectl get storageclass
 2060  kubectl delete storageclass nfs4
 2061  kubectl get pv
 2062  kubectl delete pv mediaserver-pv 
 2063  kubectl apply -f nfs-volume.yaml 
 2064  kubectl apply -f k8s-mediaserver.yml 
 2065  watch kubectl get pods
 2066  kubectl delete -f k8s-mediaserver.yml 
 2067  kubectl delete pv mediaserver-pv 
 2068  kubectl apply -f nfs-volume.yaml 
 2069  kubectl apply -f k8s-mediaserver.yml 
 2070  watch kubectl get pods
 2071  cd nfs
 2072  ls
 2073  mkdir -p media/tv
 2074  mkdir -p media/movies
 2075  mkdir -p downloads
 2076  mkdir -p transmission
 2077  mkdir -p sabnzbd
 2078  mkdir -p config
 2079  ls
 2080  ls -la
 2081  chmod 777 config downloads media sabnzbd/ transmission/
 2082  cd media
 2083  ls
 2084  ls -la
 2085  chmod 777 movies tv
 2086  ls
 2087  cd movies/
 2088  ls
 2089  cd ..
 2090  kubectl get pods
 2091  kubectl describe pod plex-8b64fff6f-k4597 
 2092  kubectl delete -f k8s-mediaserver.yml 
 2093  kubectl get pvc
 2094  kubectl get pods
 2095  kubect get pv
 2096  kubectl get pv
 2097  kubectl delete pv mediaserver-pv 
 2098  kubectl apply -f nfs-volume.yaml 
 2099  kubectl apply -f k8s-mediaserver.yml 
 2100  watch kubectl get pods
 2101  kubectl describe pod plex-8b64fff6f-94fql
 2102  watch kubectl describe pod plex-8b64fff6f-94fql
 2103  kubectl describe pod plex-8b64fff6f-94fql
 2104  ls /exports/
 2105  ls /exports/config/
 2106  mkdir /exports/config/plex
 2107  kubectl describe pod plex-8b64fff6f-94fql
 2108  kubectl get pv
 2109  kubectl describe pod plex-8b64fff6f-94fql
 2110  watch kubectl get pods
 2111  kubectl describe pod plex-8b64fff6f-94fql
 2112  watch kubectl get pods
 2113  kubectl describe pod plex-8b64fff6f-94fql
 2114  ssh capv@192.168.0.82
 2115  kubectl delete -f k8s-mediaserver.yml 
 2116  watch kubectl get pods
 2117  kubectl get pv
 2118  kubectl delete pv mediaserver-pv 
 2119  kubectl apply -f nfs-volume.yaml 
 2120  kubectl apply -f k8s-mediaserver.yml 
 2121  watch kubectl get pods
 2122  kubectl apply -f k8s-mediaserver.yml 
 2123  less /exports/config/
 2124  ls /exports/config/
 2125  watch kubectl get pods
 2126  kubectl get pv
 2127  kubectl get pv mediaserver-pv -o yaml
 2128  kubectl delete -f k8s-mediaserver.yml 
 2129  ip addr
 2130  nslookup kubuntu.ne.local
 2131  watch kubectl get pods
 2132  kubectl delete pv mediaserver-pv 
 2133  kubectl apply -f nfs-volume.yaml 
 2134  kubectl apply -f k8s-mediaserver.yml 
 2135  watch kubectl get pods
 2136  kubectl get svc
 2137  kubectl get ingress
 2138  kubectl get httpproxies.projectcontour.io -A
 2139  kubectl edit ingress plex
 2140  history > install.log
